Build started 2018/8/2 13:03:58.
     1>Project "C:\Users\csquan\Documents\Visual Studio 2010\Projects\mfc_osp_server\DuiLib\DuiLib.vcxproj" on node 2 (build target(s)).
     1>InitializeBuildStatus:
         Creating "..\Temp\Dui2010_Debug_u\DuiLib.unsuccessfulbuild" because "AlwaysCreate" was specified.
       ClCompile:
         C:\Program Files (x86)\Microsoft Visual Studio 10.0\VC\bin\CL.exe /c /Zi /nologo /W3 /WX- /Od /Oy- /D WIN32 /D _DEBUG /D _WINDOWS /D UILIB_EXPORTS /D _VC80_UPGRADE=0x0600 /D _UNICODE /D UNICODE /Gm /EHsc /RTC1 /MDd /GS /fp:precise /Zc:wchar_t /Zc:forScope /Yc"stdafx.h" /Fp"..\Temp\Dui2010_Debug_u\DuiLib.pch" /Fo"..\Temp\Dui2010_Debug_u\\" /Fd"..\Temp\Dui2010_Debug_u\vc100.pdb" /Gd /TP /analyze- /errorReport:prompt StdAfx.cpp
         StdAfx.cpp
         C:\Program Files (x86)\Microsoft Visual Studio 10.0\VC\bin\CL.exe /c /Zi /nologo /W3 /WX- /Od /Oy- /D WIN32 /D _DEBUG /D _WINDOWS /D UILIB_EXPORTS /D _VC80_UPGRADE=0x0600 /D _UNICODE /D UNICODE /Gm /EHsc /RTC1 /MDd /GS /fp:precise /Zc:wchar_t /Zc:forScope /Yu"stdafx.h" /Fp"..\Temp\Dui2010_Debug_u\DuiLib.pch" /Fo"..\Temp\Dui2010_Debug_u\\" /Fd"..\Temp\Dui2010_Debug_u\vc100.pdb" /Gd /TP /analyze- /errorReport:prompt Control\UIGifAnim.cpp Control\UIMenu.cpp UIlib.cpp Utils\UIShadow.cpp Utils\WinImplBase.cpp Utils\UIDelegate.cpp Utils\Utils.cpp Core\UIBase.cpp Core\UIContainer.cpp Core\UIControl.cpp Core\UIDlgBuilder.cpp Core\UIManager.cpp Core\UIMarkup.cpp Core\UIRender.cpp Layout\UIChildLayout.cpp Layout\UIHorizontalLayout.cpp Layout\UITabLayout.cpp Layout\UITileLayout.cpp Layout\UIVerticalLayout.cpp Control\UIActiveX.cpp Control\UIButton.cpp Control\UICheckBox.cpp Control\UICombo.cpp Control\UIComboBox.cpp Control\UIDateTime.cpp Control\UIEdit.cpp Control\UIFlash.cpp Control\UILabel.cpp Control\UIList.cpp Control\UIOption.cpp Control\UIProgress.cpp Control\UIRichEdit.cpp Control\UIScrollBar.cpp Control\UISlider.cpp Control\UIText.cpp Control\UITreeView.cpp Control\UIWebBrowser.cpp
         UIWebBrowser.cpp
         UITreeView.cpp
         UIText.cpp
         UISlider.cpp
         UIScrollBar.cpp
         UIRichEdit.cpp
         UIProgress.cpp
         UIOption.cpp
         UIList.cpp
         UILabel.cpp
         UIFlash.cpp
         UIEdit.cpp
         UIDateTime.cpp
         UIComboBox.cpp
         UICombo.cpp
         UICheckBox.cpp
         UIButton.cpp
         UIActiveX.cpp
         UIVerticalLayout.cpp
         UITileLayout.cpp
         Generating Code...
         Compiling...
         UITabLayout.cpp
         UIHorizontalLayout.cpp
         UIChildLayout.cpp
         UIRender.cpp
         UIMarkup.cpp
         UIManager.cpp
         UIDlgBuilder.cpp
         UIControl.cpp
         UIContainer.cpp
         UIBase.cpp
         Utils.cpp
         UIDelegate.cpp
         WinImplBase.cpp
         UIShadow.cpp
         UIlib.cpp
         UIMenu.cpp
         UIGifAnim.cpp
         Generating Code...
         C:\Program Files (x86)\Microsoft Visual Studio 10.0\VC\bin\CL.exe /c /Zi /nologo /W3 /WX- /Od /Oy- /D WIN32 /D _DEBUG /D _WINDOWS /D UILIB_EXPORTS /D _VC80_UPGRADE=0x0600 /D _UNICODE /D UNICODE /Gm /EHsc /RTC1 /MDd /GS /fp:precise /Zc:wchar_t /Zc:forScope /Fo"..\Temp\Dui2010_Debug_u\\" /Fd"..\Temp\Dui2010_Debug_u\vc100.pdb" /Gd /TC /analyze- /errorReport:prompt Utils\stb_image.c
         stb_image.c
         C:\Program Files (x86)\Microsoft Visual Studio 10.0\VC\bin\CL.exe /c /Zi /nologo /W3 /WX- /Od /Oy- /D WIN32 /D _DEBUG /D _WINDOWS /D UILIB_EXPORTS /D _VC80_UPGRADE=0x0600 /D _UNICODE /D UNICODE /Gm /EHsc /RTC1 /MDd /GS /fp:precise /Zc:wchar_t /Zc:forScope /Fo"..\Temp\Dui2010_Debug_u\\" /Fd"..\Temp\Dui2010_Debug_u\vc100.pdb" /Gd /TP /analyze- /errorReport:prompt Utils\XUnzip.cpp
         XUnzip.cpp
       Lib:
         C:\Program Files (x86)\Microsoft Visual Studio 10.0\VC\bin\Lib.exe /OUT:"C:\Users\csquan\Documents\Visual Studio 2010\Projects\mfc_osp_server\debug\duilib_ud.dll" /NOLOGO ..\Temp\Dui2010_Debug_u\UIGifAnim.obj
         ..\Temp\Dui2010_Debug_u\UIMenu.obj
         ..\Temp\Dui2010_Debug_u\StdAfx.obj
         ..\Temp\Dui2010_Debug_u\UIlib.obj
         ..\Temp\Dui2010_Debug_u\UIShadow.obj
         ..\Temp\Dui2010_Debug_u\WinImplBase.obj
         ..\Temp\Dui2010_Debug_u\stb_image.obj
         ..\Temp\Dui2010_Debug_u\UIDelegate.obj
         ..\Temp\Dui2010_Debug_u\Utils.obj
         ..\Temp\Dui2010_Debug_u\XUnzip.obj
         ..\Temp\Dui2010_Debug_u\UIBase.obj
         ..\Temp\Dui2010_Debug_u\UIContainer.obj
         ..\Temp\Dui2010_Debug_u\UIControl.obj
         ..\Temp\Dui2010_Debug_u\UIDlgBuilder.obj
         ..\Temp\Dui2010_Debug_u\UIManager.obj
         ..\Temp\Dui2010_Debug_u\UIMarkup.obj
         ..\Temp\Dui2010_Debug_u\UIRender.obj
         ..\Temp\Dui2010_Debug_u\UIChildLayout.obj
         ..\Temp\Dui2010_Debug_u\UIHorizontalLayout.obj
         ..\Temp\Dui2010_Debug_u\UITabLayout.obj
         ..\Temp\Dui2010_Debug_u\UITileLayout.obj
         ..\Temp\Dui2010_Debug_u\UIVerticalLayout.obj
         ..\Temp\Dui2010_Debug_u\UIActiveX.obj
         ..\Temp\Dui2010_Debug_u\UIButton.obj
         ..\Temp\Dui2010_Debug_u\UICheckBox.obj
         ..\Temp\Dui2010_Debug_u\UICombo.obj
         ..\Temp\Dui2010_Debug_u\UIComboBox.obj
         ..\Temp\Dui2010_Debug_u\UIDateTime.obj
         ..\Temp\Dui2010_Debug_u\UIEdit.obj
         ..\Temp\Dui2010_Debug_u\UIFlash.obj
         ..\Temp\Dui2010_Debug_u\UILabel.obj
         ..\Temp\Dui2010_Debug_u\UIList.obj
         ..\Temp\Dui2010_Debug_u\UIOption.obj
         ..\Temp\Dui2010_Debug_u\UIProgress.obj
         ..\Temp\Dui2010_Debug_u\UIRichEdit.obj
         ..\Temp\Dui2010_Debug_u\UIScrollBar.obj
         ..\Temp\Dui2010_Debug_u\UISlider.obj
         ..\Temp\Dui2010_Debug_u\UIText.obj
         ..\Temp\Dui2010_Debug_u\UITreeView.obj
         ..\Temp\Dui2010_Debug_u\UIWebBrowser.obj
         DuiLib.vcxproj -> C:\Users\csquan\Documents\Visual Studio 2010\Projects\mfc_osp_server\debug\duilib_ud.dll
       FinalizeBuildStatus:
         Deleting file "..\Temp\Dui2010_Debug_u\DuiLib.unsuccessfulbuild".
         Touching "..\Temp\Dui2010_Debug_u\DuiLib.lastbuildstate".
     1>Done Building Project "C:\Users\csquan\Documents\Visual Studio 2010\Projects\mfc_osp_server\DuiLib\DuiLib.vcxproj" (build target(s)).

Build succeeded.

Time Elapsed 00:00:05.87
