C:\USERS\CSQUAN\DOCUMENTS\VISUAL STUDIO 2010\PROJECTS\MFC_OSP_SERVER\DEBUG\DUILIB_UD.DLL
C:\Users\csquan\Documents\Visual Studio 2010\Projects\mfc_osp_server\Temp\Dui2010_Debug_u\cl.command.1.tlog
C:\Users\csquan\Documents\Visual Studio 2010\Projects\mfc_osp_server\Temp\Dui2010_Debug_u\CL.read.1.tlog
C:\Users\csquan\Documents\Visual Studio 2010\Projects\mfc_osp_server\Temp\Dui2010_Debug_u\CL.write.1.tlog
C:\USERS\CSQUAN\DOCUMENTS\VISUAL STUDIO 2010\PROJECTS\MFC_OSP_SERVER\TEMP\DUI2010_DEBUG_U\DUILIB.PCH
C:\Users\csquan\Documents\Visual Studio 2010\Projects\mfc_osp_server\Temp\Dui2010_Debug_u\DuiLib.write.1.tlog
C:\Users\csquan\Documents\Visual Studio 2010\Projects\mfc_osp_server\Temp\Dui2010_Debug_u\lib.command.1.tlog
C:\Users\csquan\Documents\Visual Studio 2010\Projects\mfc_osp_server\Temp\Dui2010_Debug_u\Lib-link.read.1.tlog
C:\Users\csquan\Documents\Visual Studio 2010\Projects\mfc_osp_server\Temp\Dui2010_Debug_u\Lib-link.write.1.tlog
C:\USERS\CSQUAN\DOCUMENTS\VISUAL STUDIO 2010\PROJECTS\MFC_OSP_SERVER\TEMP\DUI2010_DEBUG_U\STB_IMAGE.OBJ
C:\USERS\CSQUAN\DOCUMENTS\VISUAL STUDIO 2010\PROJECTS\MFC_OSP_SERVER\TEMP\DUI2010_DEBUG_U\STDAFX.OBJ
C:\USERS\CSQUAN\DOCUMENTS\VISUAL STUDIO 2010\PROJECTS\MFC_OSP_SERVER\TEMP\DUI2010_DEBUG_U\UIACTIVEX.OBJ
C:\USERS\CSQUAN\DOCUMENTS\VISUAL STUDIO 2010\PROJECTS\MFC_OSP_SERVER\TEMP\DUI2010_DEBUG_U\UIBASE.OBJ
C:\USERS\CSQUAN\DOCUMENTS\VISUAL STUDIO 2010\PROJECTS\MFC_OSP_SERVER\TEMP\DUI2010_DEBUG_U\UIBUTTON.OBJ
C:\USERS\CSQUAN\DOCUMENTS\VISUAL STUDIO 2010\PROJECTS\MFC_OSP_SERVER\TEMP\DUI2010_DEBUG_U\UICHECKBOX.OBJ
C:\USERS\CSQUAN\DOCUMENTS\VISUAL STUDIO 2010\PROJECTS\MFC_OSP_SERVER\TEMP\DUI2010_DEBUG_U\UICHILDLAYOUT.OBJ
C:\USERS\CSQUAN\DOCUMENTS\VISUAL STUDIO 2010\PROJECTS\MFC_OSP_SERVER\TEMP\DUI2010_DEBUG_U\UICOMBO.OBJ
C:\USERS\CSQUAN\DOCUMENTS\VISUAL STUDIO 2010\PROJECTS\MFC_OSP_SERVER\TEMP\DUI2010_DEBUG_U\UICOMBOBOX.OBJ
C:\USERS\CSQUAN\DOCUMENTS\VISUAL STUDIO 2010\PROJECTS\MFC_OSP_SERVER\TEMP\DUI2010_DEBUG_U\UICONTAINER.OBJ
C:\USERS\CSQUAN\DOCUMENTS\VISUAL STUDIO 2010\PROJECTS\MFC_OSP_SERVER\TEMP\DUI2010_DEBUG_U\UICONTROL.OBJ
C:\USERS\CSQUAN\DOCUMENTS\VISUAL STUDIO 2010\PROJECTS\MFC_OSP_SERVER\TEMP\DUI2010_DEBUG_U\UIDATETIME.OBJ
C:\USERS\CSQUAN\DOCUMENTS\VISUAL STUDIO 2010\PROJECTS\MFC_OSP_SERVER\TEMP\DUI2010_DEBUG_U\UIDELEGATE.OBJ
C:\USERS\CSQUAN\DOCUMENTS\VISUAL STUDIO 2010\PROJECTS\MFC_OSP_SERVER\TEMP\DUI2010_DEBUG_U\UIDLGBUILDER.OBJ
C:\USERS\CSQUAN\DOCUMENTS\VISUAL STUDIO 2010\PROJECTS\MFC_OSP_SERVER\TEMP\DUI2010_DEBUG_U\UIEDIT.OBJ
C:\USERS\CSQUAN\DOCUMENTS\VISUAL STUDIO 2010\PROJECTS\MFC_OSP_SERVER\TEMP\DUI2010_DEBUG_U\UIFLASH.OBJ
C:\USERS\CSQUAN\DOCUMENTS\VISUAL STUDIO 2010\PROJECTS\MFC_OSP_SERVER\TEMP\DUI2010_DEBUG_U\UIGIFANIM.OBJ
C:\USERS\CSQUAN\DOCUMENTS\VISUAL STUDIO 2010\PROJECTS\MFC_OSP_SERVER\TEMP\DUI2010_DEBUG_U\UIHORIZONTALLAYOUT.OBJ
C:\USERS\CSQUAN\DOCUMENTS\VISUAL STUDIO 2010\PROJECTS\MFC_OSP_SERVER\TEMP\DUI2010_DEBUG_U\UILABEL.OBJ
C:\USERS\CSQUAN\DOCUMENTS\VISUAL STUDIO 2010\PROJECTS\MFC_OSP_SERVER\TEMP\DUI2010_DEBUG_U\UILIB.OBJ
C:\USERS\CSQUAN\DOCUMENTS\VISUAL STUDIO 2010\PROJECTS\MFC_OSP_SERVER\TEMP\DUI2010_DEBUG_U\UILIST.OBJ
C:\USERS\CSQUAN\DOCUMENTS\VISUAL STUDIO 2010\PROJECTS\MFC_OSP_SERVER\TEMP\DUI2010_DEBUG_U\UIMANAGER.OBJ
C:\USERS\CSQUAN\DOCUMENTS\VISUAL STUDIO 2010\PROJECTS\MFC_OSP_SERVER\TEMP\DUI2010_DEBUG_U\UIMARKUP.OBJ
C:\USERS\CSQUAN\DOCUMENTS\VISUAL STUDIO 2010\PROJECTS\MFC_OSP_SERVER\TEMP\DUI2010_DEBUG_U\UIMENU.OBJ
C:\USERS\CSQUAN\DOCUMENTS\VISUAL STUDIO 2010\PROJECTS\MFC_OSP_SERVER\TEMP\DUI2010_DEBUG_U\UIOPTION.OBJ
C:\USERS\CSQUAN\DOCUMENTS\VISUAL STUDIO 2010\PROJECTS\MFC_OSP_SERVER\TEMP\DUI2010_DEBUG_U\UIPROGRESS.OBJ
C:\USERS\CSQUAN\DOCUMENTS\VISUAL STUDIO 2010\PROJECTS\MFC_OSP_SERVER\TEMP\DUI2010_DEBUG_U\UIRENDER.OBJ
C:\USERS\CSQUAN\DOCUMENTS\VISUAL STUDIO 2010\PROJECTS\MFC_OSP_SERVER\TEMP\DUI2010_DEBUG_U\UIRICHEDIT.OBJ
C:\USERS\CSQUAN\DOCUMENTS\VISUAL STUDIO 2010\PROJECTS\MFC_OSP_SERVER\TEMP\DUI2010_DEBUG_U\UISCROLLBAR.OBJ
C:\USERS\CSQUAN\DOCUMENTS\VISUAL STUDIO 2010\PROJECTS\MFC_OSP_SERVER\TEMP\DUI2010_DEBUG_U\UISHADOW.OBJ
C:\USERS\CSQUAN\DOCUMENTS\VISUAL STUDIO 2010\PROJECTS\MFC_OSP_SERVER\TEMP\DUI2010_DEBUG_U\UISLIDER.OBJ
C:\USERS\CSQUAN\DOCUMENTS\VISUAL STUDIO 2010\PROJECTS\MFC_OSP_SERVER\TEMP\DUI2010_DEBUG_U\UITABLAYOUT.OBJ
C:\USERS\CSQUAN\DOCUMENTS\VISUAL STUDIO 2010\PROJECTS\MFC_OSP_SERVER\TEMP\DUI2010_DEBUG_U\UITEXT.OBJ
C:\USERS\CSQUAN\DOCUMENTS\VISUAL STUDIO 2010\PROJECTS\MFC_OSP_SERVER\TEMP\DUI2010_DEBUG_U\UITILELAYOUT.OBJ
C:\USERS\CSQUAN\DOCUMENTS\VISUAL STUDIO 2010\PROJECTS\MFC_OSP_SERVER\TEMP\DUI2010_DEBUG_U\UITREEVIEW.OBJ
C:\USERS\CSQUAN\DOCUMENTS\VISUAL STUDIO 2010\PROJECTS\MFC_OSP_SERVER\TEMP\DUI2010_DEBUG_U\UIVERTICALLAYOUT.OBJ
C:\USERS\CSQUAN\DOCUMENTS\VISUAL STUDIO 2010\PROJECTS\MFC_OSP_SERVER\TEMP\DUI2010_DEBUG_U\UIWEBBROWSER.OBJ
C:\USERS\CSQUAN\DOCUMENTS\VISUAL STUDIO 2010\PROJECTS\MFC_OSP_SERVER\TEMP\DUI2010_DEBUG_U\UTILS.OBJ
C:\Users\csquan\Documents\Visual Studio 2010\Projects\mfc_osp_server\Temp\Dui2010_Debug_u\vc100.idb
C:\USERS\CSQUAN\DOCUMENTS\VISUAL STUDIO 2010\PROJECTS\MFC_OSP_SERVER\TEMP\DUI2010_DEBUG_U\VC100.PDB
C:\USERS\CSQUAN\DOCUMENTS\VISUAL STUDIO 2010\PROJECTS\MFC_OSP_SERVER\TEMP\DUI2010_DEBUG_U\WINIMPLBASE.OBJ
C:\USERS\CSQUAN\DOCUMENTS\VISUAL STUDIO 2010\PROJECTS\MFC_OSP_SERVER\TEMP\DUI2010_DEBUG_U\XUNZIP.OBJ
