C:\USERS\CSQUAN\DOCUMENTS\VISUAL STUDIO 2010\PROJECTS\MFC_OSP_SERVER\DEBUG\MFC_OSP_SERVER.EXE
C:\Users\csquan\Documents\Visual Studio 2010\Projects\mfc_osp_server\Debug\mfc_osp_server.exp
C:\USERS\CSQUAN\DOCUMENTS\VISUAL STUDIO 2010\PROJECTS\MFC_OSP_SERVER\DEBUG\MFC_OSP_SERVER.ILK
C:\Users\csquan\Documents\Visual Studio 2010\Projects\mfc_osp_server\Debug\mfc_osp_server.lib
C:\USERS\CSQUAN\DOCUMENTS\VISUAL STUDIO 2010\PROJECTS\MFC_OSP_SERVER\DEBUG\MFC_OSP_SERVER.PDB
C:\Users\csquan\Documents\Visual Studio 2010\Projects\mfc_osp_server\mfc_osp_server\Debug\cl.command.1.tlog
C:\Users\csquan\Documents\Visual Studio 2010\Projects\mfc_osp_server\mfc_osp_server\Debug\CL.read.1.tlog
C:\Users\csquan\Documents\Visual Studio 2010\Projects\mfc_osp_server\mfc_osp_server\Debug\CL.write.1.tlog
C:\Users\csquan\Documents\Visual Studio 2010\Projects\mfc_osp_server\mfc_osp_server\Debug\link.21752.read.1.tlog
C:\Users\csquan\Documents\Visual Studio 2010\Projects\mfc_osp_server\mfc_osp_server\Debug\link.21752.write.1.tlog
C:\Users\csquan\Documents\Visual Studio 2010\Projects\mfc_osp_server\mfc_osp_server\Debug\link.21752-cvtres.read.1.tlog
C:\Users\csquan\Documents\Visual Studio 2010\Projects\mfc_osp_server\mfc_osp_server\Debug\link.21752-cvtres.write.1.tlog
C:\Users\csquan\Documents\Visual Studio 2010\Projects\mfc_osp_server\mfc_osp_server\Debug\link.command.1.tlog
C:\Users\csquan\Documents\Visual Studio 2010\Projects\mfc_osp_server\mfc_osp_server\Debug\link.read.1.tlog
C:\Users\csquan\Documents\Visual Studio 2010\Projects\mfc_osp_server\mfc_osp_server\Debug\link.write.1.tlog
C:\Users\csquan\Documents\Visual Studio 2010\Projects\mfc_osp_server\mfc_osp_server\Debug\link-cvtres.read.1.tlog
C:\Users\csquan\Documents\Visual Studio 2010\Projects\mfc_osp_server\mfc_osp_server\Debug\link-cvtres.write.1.tlog
C:\USERS\CSQUAN\DOCUMENTS\VISUAL STUDIO 2010\PROJECTS\MFC_OSP_SERVER\MFC_OSP_SERVER\DEBUG\MFC_OSP_SERVER.EXE.EMBED.MANIFEST
C:\USERS\CSQUAN\DOCUMENTS\VISUAL STUDIO 2010\PROJECTS\MFC_OSP_SERVER\MFC_OSP_SERVER\DEBUG\MFC_OSP_SERVER.EXE.EMBED.MANIFEST.RES
C:\USERS\CSQUAN\DOCUMENTS\VISUAL STUDIO 2010\PROJECTS\MFC_OSP_SERVER\MFC_OSP_SERVER\DEBUG\MFC_OSP_SERVER.EXE.INTERMEDIATE.MANIFEST
C:\USERS\CSQUAN\DOCUMENTS\VISUAL STUDIO 2010\PROJECTS\MFC_OSP_SERVER\MFC_OSP_SERVER\DEBUG\MFC_OSP_SERVER.OBJ
C:\USERS\CSQUAN\DOCUMENTS\VISUAL STUDIO 2010\PROJECTS\MFC_OSP_SERVER\MFC_OSP_SERVER\DEBUG\MFC_OSP_SERVER.PCH
C:\USERS\CSQUAN\DOCUMENTS\VISUAL STUDIO 2010\PROJECTS\MFC_OSP_SERVER\MFC_OSP_SERVER\DEBUG\MFC_OSP_SERVER.RES
C:\Users\csquan\Documents\Visual Studio 2010\Projects\mfc_osp_server\mfc_osp_server\Debug\mfc_osp_server.vcxprojResolveAssemblyReference.cache
C:\Users\csquan\Documents\Visual Studio 2010\Projects\mfc_osp_server\mfc_osp_server\Debug\mfc_osp_server.write.1.tlog
C:\Users\csquan\Documents\Visual Studio 2010\Projects\mfc_osp_server\mfc_osp_server\Debug\mfc_osp_server_manifest.rc
C:\USERS\CSQUAN\DOCUMENTS\VISUAL STUDIO 2010\PROJECTS\MFC_OSP_SERVER\MFC_OSP_SERVER\DEBUG\MFC_OSP_SERVERDLG.OBJ
C:\Users\csquan\Documents\Visual Studio 2010\Projects\mfc_osp_server\mfc_osp_server\Debug\mt.command.1.tlog
C:\Users\csquan\Documents\Visual Studio 2010\Projects\mfc_osp_server\mfc_osp_server\Debug\mt.read.1.tlog
C:\Users\csquan\Documents\Visual Studio 2010\Projects\mfc_osp_server\mfc_osp_server\Debug\mt.write.1.tlog
C:\Users\csquan\Documents\Visual Studio 2010\Projects\mfc_osp_server\mfc_osp_server\Debug\rc.command.1.tlog
C:\Users\csquan\Documents\Visual Studio 2010\Projects\mfc_osp_server\mfc_osp_server\Debug\rc.read.1.tlog
C:\Users\csquan\Documents\Visual Studio 2010\Projects\mfc_osp_server\mfc_osp_server\Debug\rc.write.1.tlog
C:\USERS\CSQUAN\DOCUMENTS\VISUAL STUDIO 2010\PROJECTS\MFC_OSP_SERVER\MFC_OSP_SERVER\DEBUG\STDAFX.OBJ
C:\Users\csquan\Documents\Visual Studio 2010\Projects\mfc_osp_server\mfc_osp_server\Debug\vc100.idb
C:\USERS\CSQUAN\DOCUMENTS\VISUAL STUDIO 2010\PROJECTS\MFC_OSP_SERVER\MFC_OSP_SERVER\DEBUG\VC100.PDB
