F:\PROJECTS\OSPDEMO\DEBUG\WIN32_OSP_SERVER.EXE
F:\Projects\OspDemo\Debug\win32_osp_server.exp
F:\PROJECTS\OSPDEMO\DEBUG\WIN32_OSP_SERVER.ILK
F:\Projects\OspDemo\Debug\win32_osp_server.lib
F:\PROJECTS\OSPDEMO\DEBUG\WIN32_OSP_SERVER.PDB
F:\PROJECTS\OSPDEMO\WIN32_OSP_SERVER\DEBUG\SERVERINSTANCE.OBJ
F:\PROJECTS\OSPDEMO\WIN32_OSP_SERVER\DEBUG\STDAFX.OBJ
F:\PROJECTS\OSPDEMO\WIN32_OSP_SERVER\DEBUG\VC100.PDB
F:\PROJECTS\OSPDEMO\WIN32_OSP_SERVER\DEBUG\WIN32_OSP_SERVER.EXE.EMBED.MANIFEST
F:\PROJECTS\OSPDEMO\WIN32_OSP_SERVER\DEBUG\WIN32_OSP_SERVER.EXE.EMBED.MANIFEST.RES
F:\PROJECTS\OSPDEMO\WIN32_OSP_SERVER\DEBUG\WIN32_OSP_SERVER.EXE.INTERMEDIATE.MANIFEST
F:\PROJECTS\OSPDEMO\WIN32_OSP_SERVER\DEBUG\WIN32_OSP_SERVER.OBJ
F:\PROJECTS\OSPDEMO\WIN32_OSP_SERVER\DEBUG\WIN32_OSP_SERVER.PCH
F:\PROJECTS\OSPDEMO\WIN32_OSP_SERVER\DEBUG\WIN32_OSP_SERVER.RES
F:\PROJECTS_GIT\OSPDEMO\DEBUG\WIN32_OSP_SERVER.EXE
F:\Projects_Git\OspDemo\Debug\win32_osp_server.exp
F:\PROJECTS_GIT\OSPDEMO\DEBUG\WIN32_OSP_SERVER.ILK
F:\Projects_Git\OspDemo\Debug\win32_osp_server.lib
F:\PROJECTS_GIT\OSPDEMO\DEBUG\WIN32_OSP_SERVER.PDB
F:\Projects_Git\OspDemo\win32_osp_server\Debug\cl.command.1.tlog
F:\Projects_Git\OspDemo\win32_osp_server\Debug\CL.read.1.tlog
F:\Projects_Git\OspDemo\win32_osp_server\Debug\CL.write.1.tlog
F:\Projects_Git\OspDemo\win32_osp_server\Debug\link.11176.read.1.tlog
F:\Projects_Git\OspDemo\win32_osp_server\Debug\link.11176.write.1.tlog
F:\Projects_Git\OspDemo\win32_osp_server\Debug\link.11176-cvtres.read.1.tlog
F:\Projects_Git\OspDemo\win32_osp_server\Debug\link.11176-cvtres.write.1.tlog
F:\Projects_Git\OspDemo\win32_osp_server\Debug\link.11456.read.1.tlog
F:\Projects_Git\OspDemo\win32_osp_server\Debug\link.11456.write.1.tlog
F:\Projects_Git\OspDemo\win32_osp_server\Debug\link.11456-cvtres.read.1.tlog
F:\Projects_Git\OspDemo\win32_osp_server\Debug\link.11456-cvtres.write.1.tlog
F:\Projects_Git\OspDemo\win32_osp_server\Debug\link.12412.read.1.tlog
F:\Projects_Git\OspDemo\win32_osp_server\Debug\link.12412.write.1.tlog
F:\Projects_Git\OspDemo\win32_osp_server\Debug\link.12412-cvtres.read.1.tlog
F:\Projects_Git\OspDemo\win32_osp_server\Debug\link.12412-cvtres.write.1.tlog
F:\Projects_Git\OspDemo\win32_osp_server\Debug\link.1264.read.1.tlog
F:\Projects_Git\OspDemo\win32_osp_server\Debug\link.1264.write.1.tlog
F:\Projects_Git\OspDemo\win32_osp_server\Debug\link.1264-cvtres.read.1.tlog
F:\Projects_Git\OspDemo\win32_osp_server\Debug\link.1264-cvtres.write.1.tlog
F:\Projects_Git\OspDemo\win32_osp_server\Debug\link.13188.read.1.tlog
F:\Projects_Git\OspDemo\win32_osp_server\Debug\link.13188.write.1.tlog
F:\Projects_Git\OspDemo\win32_osp_server\Debug\link.13188-cvtres.read.1.tlog
F:\Projects_Git\OspDemo\win32_osp_server\Debug\link.13188-cvtres.write.1.tlog
F:\Projects_Git\OspDemo\win32_osp_server\Debug\link.13300.read.1.tlog
F:\Projects_Git\OspDemo\win32_osp_server\Debug\link.13300.write.1.tlog
F:\Projects_Git\OspDemo\win32_osp_server\Debug\link.13300-cvtres.read.1.tlog
F:\Projects_Git\OspDemo\win32_osp_server\Debug\link.13300-cvtres.write.1.tlog
F:\Projects_Git\OspDemo\win32_osp_server\Debug\link.13752.read.1.tlog
F:\Projects_Git\OspDemo\win32_osp_server\Debug\link.13752.write.1.tlog
F:\Projects_Git\OspDemo\win32_osp_server\Debug\link.13752-cvtres.read.1.tlog
F:\Projects_Git\OspDemo\win32_osp_server\Debug\link.13752-cvtres.write.1.tlog
F:\Projects_Git\OspDemo\win32_osp_server\Debug\link.14308.read.1.tlog
F:\Projects_Git\OspDemo\win32_osp_server\Debug\link.14308.write.1.tlog
F:\Projects_Git\OspDemo\win32_osp_server\Debug\link.14308-cvtres.read.1.tlog
F:\Projects_Git\OspDemo\win32_osp_server\Debug\link.14308-cvtres.write.1.tlog
F:\Projects_Git\OspDemo\win32_osp_server\Debug\link.15092.read.1.tlog
F:\Projects_Git\OspDemo\win32_osp_server\Debug\link.15092.write.1.tlog
F:\Projects_Git\OspDemo\win32_osp_server\Debug\link.15092-cvtres.read.1.tlog
F:\Projects_Git\OspDemo\win32_osp_server\Debug\link.15092-cvtres.write.1.tlog
F:\Projects_Git\OspDemo\win32_osp_server\Debug\link.15636.read.1.tlog
F:\Projects_Git\OspDemo\win32_osp_server\Debug\link.15636.write.1.tlog
F:\Projects_Git\OspDemo\win32_osp_server\Debug\link.15636-cvtres.read.1.tlog
F:\Projects_Git\OspDemo\win32_osp_server\Debug\link.15636-cvtres.write.1.tlog
F:\Projects_Git\OspDemo\win32_osp_server\Debug\link.15696.read.1.tlog
F:\Projects_Git\OspDemo\win32_osp_server\Debug\link.15696.write.1.tlog
F:\Projects_Git\OspDemo\win32_osp_server\Debug\link.15696-cvtres.read.1.tlog
F:\Projects_Git\OspDemo\win32_osp_server\Debug\link.15696-cvtres.write.1.tlog
F:\Projects_Git\OspDemo\win32_osp_server\Debug\link.16096.read.1.tlog
F:\Projects_Git\OspDemo\win32_osp_server\Debug\link.16096.write.1.tlog
F:\Projects_Git\OspDemo\win32_osp_server\Debug\link.16096-cvtres.read.1.tlog
F:\Projects_Git\OspDemo\win32_osp_server\Debug\link.16096-cvtres.write.1.tlog
F:\Projects_Git\OspDemo\win32_osp_server\Debug\link.16924.read.1.tlog
F:\Projects_Git\OspDemo\win32_osp_server\Debug\link.16924.write.1.tlog
F:\Projects_Git\OspDemo\win32_osp_server\Debug\link.16924-cvtres.read.1.tlog
F:\Projects_Git\OspDemo\win32_osp_server\Debug\link.16924-cvtres.write.1.tlog
F:\Projects_Git\OspDemo\win32_osp_server\Debug\link.17072.read.1.tlog
F:\Projects_Git\OspDemo\win32_osp_server\Debug\link.17072.write.1.tlog
F:\Projects_Git\OspDemo\win32_osp_server\Debug\link.17072-cvtres.read.1.tlog
F:\Projects_Git\OspDemo\win32_osp_server\Debug\link.17072-cvtres.write.1.tlog
F:\Projects_Git\OspDemo\win32_osp_server\Debug\link.17724.read.1.tlog
F:\Projects_Git\OspDemo\win32_osp_server\Debug\link.17724.write.1.tlog
F:\Projects_Git\OspDemo\win32_osp_server\Debug\link.17724-cvtres.read.1.tlog
F:\Projects_Git\OspDemo\win32_osp_server\Debug\link.17724-cvtres.write.1.tlog
F:\Projects_Git\OspDemo\win32_osp_server\Debug\link.20884.read.1.tlog
F:\Projects_Git\OspDemo\win32_osp_server\Debug\link.20884.write.1.tlog
F:\Projects_Git\OspDemo\win32_osp_server\Debug\link.20884-cvtres.read.1.tlog
F:\Projects_Git\OspDemo\win32_osp_server\Debug\link.20884-cvtres.write.1.tlog
F:\Projects_Git\OspDemo\win32_osp_server\Debug\link.21108.read.1.tlog
F:\Projects_Git\OspDemo\win32_osp_server\Debug\link.21108.write.1.tlog
F:\Projects_Git\OspDemo\win32_osp_server\Debug\link.21108-cvtres.read.1.tlog
F:\Projects_Git\OspDemo\win32_osp_server\Debug\link.21108-cvtres.write.1.tlog
F:\Projects_Git\OspDemo\win32_osp_server\Debug\link.25208.read.1.tlog
F:\Projects_Git\OspDemo\win32_osp_server\Debug\link.25208.write.1.tlog
F:\Projects_Git\OspDemo\win32_osp_server\Debug\link.25208-cvtres.read.1.tlog
F:\Projects_Git\OspDemo\win32_osp_server\Debug\link.25208-cvtres.write.1.tlog
F:\Projects_Git\OspDemo\win32_osp_server\Debug\link.2960.read.1.tlog
F:\Projects_Git\OspDemo\win32_osp_server\Debug\link.2960.write.1.tlog
F:\Projects_Git\OspDemo\win32_osp_server\Debug\link.2960-cvtres.read.1.tlog
F:\Projects_Git\OspDemo\win32_osp_server\Debug\link.2960-cvtres.write.1.tlog
F:\Projects_Git\OspDemo\win32_osp_server\Debug\link.2988.read.1.tlog
F:\Projects_Git\OspDemo\win32_osp_server\Debug\link.2988.write.1.tlog
F:\Projects_Git\OspDemo\win32_osp_server\Debug\link.2988-cvtres.read.1.tlog
F:\Projects_Git\OspDemo\win32_osp_server\Debug\link.2988-cvtres.write.1.tlog
F:\Projects_Git\OspDemo\win32_osp_server\Debug\link.5116.read.1.tlog
F:\Projects_Git\OspDemo\win32_osp_server\Debug\link.5116.write.1.tlog
F:\Projects_Git\OspDemo\win32_osp_server\Debug\link.5116-cvtres.read.1.tlog
F:\Projects_Git\OspDemo\win32_osp_server\Debug\link.5116-cvtres.write.1.tlog
F:\Projects_Git\OspDemo\win32_osp_server\Debug\link.5496.read.1.tlog
F:\Projects_Git\OspDemo\win32_osp_server\Debug\link.5496.write.1.tlog
F:\Projects_Git\OspDemo\win32_osp_server\Debug\link.5496-cvtres.read.1.tlog
F:\Projects_Git\OspDemo\win32_osp_server\Debug\link.5496-cvtres.write.1.tlog
F:\Projects_Git\OspDemo\win32_osp_server\Debug\link.5524.read.1.tlog
F:\Projects_Git\OspDemo\win32_osp_server\Debug\link.5524.write.1.tlog
F:\Projects_Git\OspDemo\win32_osp_server\Debug\link.5524-cvtres.read.1.tlog
F:\Projects_Git\OspDemo\win32_osp_server\Debug\link.5524-cvtres.write.1.tlog
F:\Projects_Git\OspDemo\win32_osp_server\Debug\link.6552.read.1.tlog
F:\Projects_Git\OspDemo\win32_osp_server\Debug\link.6552.write.1.tlog
F:\Projects_Git\OspDemo\win32_osp_server\Debug\link.6552-cvtres.read.1.tlog
F:\Projects_Git\OspDemo\win32_osp_server\Debug\link.6552-cvtres.write.1.tlog
F:\Projects_Git\OspDemo\win32_osp_server\Debug\link.6940.read.1.tlog
F:\Projects_Git\OspDemo\win32_osp_server\Debug\link.6940.write.1.tlog
F:\Projects_Git\OspDemo\win32_osp_server\Debug\link.6940-cvtres.read.1.tlog
F:\Projects_Git\OspDemo\win32_osp_server\Debug\link.6940-cvtres.write.1.tlog
F:\Projects_Git\OspDemo\win32_osp_server\Debug\link.7012.read.1.tlog
F:\Projects_Git\OspDemo\win32_osp_server\Debug\link.7012.write.1.tlog
F:\Projects_Git\OspDemo\win32_osp_server\Debug\link.7012-cvtres.read.1.tlog
F:\Projects_Git\OspDemo\win32_osp_server\Debug\link.7012-cvtres.write.1.tlog
F:\Projects_Git\OspDemo\win32_osp_server\Debug\link.8636.read.1.tlog
F:\Projects_Git\OspDemo\win32_osp_server\Debug\link.8636.write.1.tlog
F:\Projects_Git\OspDemo\win32_osp_server\Debug\link.8636-cvtres.read.1.tlog
F:\Projects_Git\OspDemo\win32_osp_server\Debug\link.8636-cvtres.write.1.tlog
F:\Projects_Git\OspDemo\win32_osp_server\Debug\link.command.1.tlog
F:\Projects_Git\OspDemo\win32_osp_server\Debug\link.read.1.tlog
F:\Projects_Git\OspDemo\win32_osp_server\Debug\link.write.1.tlog
F:\Projects_Git\OspDemo\win32_osp_server\Debug\link-cvtres.read.1.tlog
F:\Projects_Git\OspDemo\win32_osp_server\Debug\link-cvtres.write.1.tlog
F:\Projects_Git\OspDemo\win32_osp_server\Debug\mt.command.1.tlog
F:\Projects_Git\OspDemo\win32_osp_server\Debug\mt.read.1.tlog
F:\Projects_Git\OspDemo\win32_osp_server\Debug\mt.write.1.tlog
F:\Projects_Git\OspDemo\win32_osp_server\Debug\rc.command.1.tlog
F:\Projects_Git\OspDemo\win32_osp_server\Debug\rc.read.1.tlog
F:\Projects_Git\OspDemo\win32_osp_server\Debug\rc.write.1.tlog
F:\PROJECTS_GIT\OSPDEMO\WIN32_OSP_SERVER\DEBUG\SERVERINSTANCE.OBJ
F:\PROJECTS_GIT\OSPDEMO\WIN32_OSP_SERVER\DEBUG\STDAFX.OBJ
F:\Projects_Git\OspDemo\win32_osp_server\Debug\vc100.idb
F:\PROJECTS_GIT\OSPDEMO\WIN32_OSP_SERVER\DEBUG\VC100.PDB
F:\Projects_Git\OspDemo\win32_osp_server\Debug\win32_osp_server.exe.embed.manifest
F:\PROJECTS_GIT\OSPDEMO\WIN32_OSP_SERVER\DEBUG\WIN32_OSP_SERVER.EXE.EMBED.MANIFEST.RES
F:\PROJECTS_GIT\OSPDEMO\WIN32_OSP_SERVER\DEBUG\WIN32_OSP_SERVER.EXE.INTERMEDIATE.MANIFEST
F:\PROJECTS_GIT\OSPDEMO\WIN32_OSP_SERVER\DEBUG\WIN32_OSP_SERVER.OBJ
F:\PROJECTS_GIT\OSPDEMO\WIN32_OSP_SERVER\DEBUG\WIN32_OSP_SERVER.PCH
F:\PROJECTS_GIT\OSPDEMO\WIN32_OSP_SERVER\DEBUG\WIN32_OSP_SERVER.RES
F:\Projects_Git\OspDemo\win32_osp_server\Debug\win32_osp_server.vcxprojResolveAssemblyReference.cache
F:\Projects_Git\OspDemo\win32_osp_server\Debug\win32_osp_server.write.1.tlog
F:\Projects_Git\OspDemo\win32_osp_server\Debug\win32_osp_server_manifest.rc
