Build started 2018/8/20 18:18:13.
     1>Project "F:\Projects\OspDemo\win32_osp_server\win32_osp_server.vcxproj" on node 2 (build target(s)).
     1>InitializeBuildStatus:
         Creating "Debug\win32_osp_server.unsuccessfulbuild" because "AlwaysCreate" was specified.
       ClCompile:
         All outputs are up-to-date.
         C:\Program Files (x86)\Microsoft Visual Studio 10.0\VC\bin\CL.exe /c /I"C:\Users\csquan\Documents\Visual Studio 2010\Projects\mfc_osp_server\osplib\include" /I"C:\Users\csquan\Documents\Visual Studio 2010\Projects\mfc_osp_server\osplib\lib\debug" /I"C:\Users\csquan\Documents\Visual Studio 2010\Projects\mfc_osp_server\include" /I"C:\Users\csquan\Documents\Visual Studio 2010\Projects\mfc_osp_server\duilib" /I"C:\Users\csquan\Documents\Visual Studio 2010\Projects\10-common\lib\debug\win32_2010" /ZI /nologo /W3 /WX- /Od /Oy- /D WIN32 /D _DEBUG /D _WINDOWS /D _UNICODE /D UNICODE /Gm /EHsc /RTC1 /MDd /GS /fp:precise /Zc:wchar_t /Zc:forScope /Yu"StdAfx.h" /Fp"Debug\win32_osp_server.pch" /Fo"Debug\\" /Fd"Debug\vc100.pdb" /Gd /TP /analyze- /errorReport:prompt win32_osp_server.cpp
         win32_osp_server.cpp
       ResourceCompile:
         All outputs are up-to-date.
       ManifestResourceCompile:
         All outputs are up-to-date.
       Link:
         C:\Program Files (x86)\Microsoft Visual Studio 10.0\VC\bin\link.exe /ERRORREPORT:PROMPT /OUT:"F:\Projects\OspDemo\Debug\win32_osp_server.exe" /INCREMENTAL /NOLOGO /LIBPATH:"C:\Users\csquan\Documents\Visual Studio 2010\Projects\mfc_osp_server\osplib\lib\debug" /LIBPATH:"C:\Users\csquan\Documents\Visual Studio 2010\Projects\10-common\lib\debug\win32_2010" DuiLib_u.lib OspLib.lib kernel32.lib user32.lib gdi32.lib winspool.lib comdlg32.lib advapi32.lib shell32.lib ole32.lib oleaut32.lib uuid.lib odbc32.lib odbccp32.lib /MANIFEST /ManifestFile:"Debug\win32_osp_server.exe.intermediate.manifest" /MANIFESTUAC:"level='asInvoker' uiAccess='false'" /DEBUG /PDB:"F:\Projects\OspDemo\Debug\win32_osp_server.pdb" /SUBSYSTEM:WINDOWS /TLBID:1 /DYNAMICBASE /NXCOMPAT /IMPLIB:"F:\Projects\OspDemo\Debug\win32_osp_server.lib" /MACHINE:X86 Debug\win32_osp_server.res
         Debug\win32_osp_server.exe.embed.manifest.res
         Debug\stdafx.obj
         Debug\win32_osp_server.obj
       Manifest:
         C:\Program Files (x86)\Microsoft SDKs\Windows\v7.0A\bin\mt.exe /nologo /verbose /out:"Debug\win32_osp_server.exe.embed.manifest" /manifest Debug\win32_osp_server.exe.intermediate.manifest
         All outputs are up-to-date.
       LinkEmbedManifest:
         All outputs are up-to-date.
         win32_osp_server.vcxproj -> F:\Projects\OspDemo\Debug\win32_osp_server.exe
       FinalizeBuildStatus:
         Deleting file "Debug\win32_osp_server.unsuccessfulbuild".
         Touching "Debug\win32_osp_server.lastbuildstate".
     1>Done Building Project "F:\Projects\OspDemo\win32_osp_server\win32_osp_server.vcxproj" (build target(s)).

Build succeeded.

Time Elapsed 00:00:00.84
