F:\PROJECTS_GIT\OSPDEMO\DEBUG\WIN32_OSP_CLIENT.EXE
F:\Projects_Git\OspDemo\Debug\win32_osp_client.exp
F:\PROJECTS_GIT\OSPDEMO\DEBUG\WIN32_OSP_CLIENT.ILK
F:\Projects_Git\OspDemo\Debug\win32_osp_client.lib
F:\PROJECTS_GIT\OSPDEMO\DEBUG\WIN32_OSP_CLIENT.PDB
F:\Projects_Git\OspDemo\win32_osp_client\Debug\cl.command.1.tlog
F:\Projects_Git\OspDemo\win32_osp_client\Debug\CL.read.1.tlog
F:\Projects_Git\OspDemo\win32_osp_client\Debug\CL.write.1.tlog
F:\PROJECTS_GIT\OSPDEMO\WIN32_OSP_CLIENT\DEBUG\CLIENTINSTANCE.OBJ
F:\PROJECTS_GIT\OSPDEMO\WIN32_OSP_CLIENT\DEBUG\FILEPOSTOPTDLG.OBJ
F:\Projects_Git\OspDemo\win32_osp_client\Debug\link.10392.read.1.tlog
F:\Projects_Git\OspDemo\win32_osp_client\Debug\link.10392.write.1.tlog
F:\Projects_Git\OspDemo\win32_osp_client\Debug\link.10392-cvtres.read.1.tlog
F:\Projects_Git\OspDemo\win32_osp_client\Debug\link.10392-cvtres.write.1.tlog
F:\Projects_Git\OspDemo\win32_osp_client\Debug\link.13648.read.1.tlog
F:\Projects_Git\OspDemo\win32_osp_client\Debug\link.13648.write.1.tlog
F:\Projects_Git\OspDemo\win32_osp_client\Debug\link.13648-cvtres.read.1.tlog
F:\Projects_Git\OspDemo\win32_osp_client\Debug\link.13648-cvtres.write.1.tlog
F:\Projects_Git\OspDemo\win32_osp_client\Debug\link.13788.read.1.tlog
F:\Projects_Git\OspDemo\win32_osp_client\Debug\link.13788.write.1.tlog
F:\Projects_Git\OspDemo\win32_osp_client\Debug\link.13788-cvtres.read.1.tlog
F:\Projects_Git\OspDemo\win32_osp_client\Debug\link.13788-cvtres.write.1.tlog
F:\Projects_Git\OspDemo\win32_osp_client\Debug\link.19080.read.1.tlog
F:\Projects_Git\OspDemo\win32_osp_client\Debug\link.19080.write.1.tlog
F:\Projects_Git\OspDemo\win32_osp_client\Debug\link.19080-cvtres.read.1.tlog
F:\Projects_Git\OspDemo\win32_osp_client\Debug\link.19080-cvtres.write.1.tlog
F:\Projects_Git\OspDemo\win32_osp_client\Debug\link.21740.read.1.tlog
F:\Projects_Git\OspDemo\win32_osp_client\Debug\link.21740.write.1.tlog
F:\Projects_Git\OspDemo\win32_osp_client\Debug\link.21740-cvtres.read.1.tlog
F:\Projects_Git\OspDemo\win32_osp_client\Debug\link.21740-cvtres.write.1.tlog
F:\Projects_Git\OspDemo\win32_osp_client\Debug\link.24144.read.1.tlog
F:\Projects_Git\OspDemo\win32_osp_client\Debug\link.24144.write.1.tlog
F:\Projects_Git\OspDemo\win32_osp_client\Debug\link.24144-cvtres.read.1.tlog
F:\Projects_Git\OspDemo\win32_osp_client\Debug\link.24144-cvtres.write.1.tlog
F:\Projects_Git\OspDemo\win32_osp_client\Debug\link.6832.read.1.tlog
F:\Projects_Git\OspDemo\win32_osp_client\Debug\link.6832.write.1.tlog
F:\Projects_Git\OspDemo\win32_osp_client\Debug\link.6832-cvtres.read.1.tlog
F:\Projects_Git\OspDemo\win32_osp_client\Debug\link.6832-cvtres.write.1.tlog
F:\Projects_Git\OspDemo\win32_osp_client\Debug\link.8168.read.1.tlog
F:\Projects_Git\OspDemo\win32_osp_client\Debug\link.8168.write.1.tlog
F:\Projects_Git\OspDemo\win32_osp_client\Debug\link.8168-cvtres.read.1.tlog
F:\Projects_Git\OspDemo\win32_osp_client\Debug\link.8168-cvtres.write.1.tlog
F:\Projects_Git\OspDemo\win32_osp_client\Debug\link.command.1.tlog
F:\Projects_Git\OspDemo\win32_osp_client\Debug\link.read.1.tlog
F:\Projects_Git\OspDemo\win32_osp_client\Debug\link.write.1.tlog
F:\Projects_Git\OspDemo\win32_osp_client\Debug\link-cvtres.read.1.tlog
F:\Projects_Git\OspDemo\win32_osp_client\Debug\link-cvtres.write.1.tlog
F:\PROJECTS_GIT\OSPDEMO\WIN32_OSP_CLIENT\DEBUG\LOGO.OBJ
F:\Projects_Git\OspDemo\win32_osp_client\Debug\mt.command.1.tlog
F:\Projects_Git\OspDemo\win32_osp_client\Debug\mt.read.1.tlog
F:\Projects_Git\OspDemo\win32_osp_client\Debug\mt.write.1.tlog
F:\PROJECTS_GIT\OSPDEMO\WIN32_OSP_CLIENT\DEBUG\PRINT.OBJ
F:\Projects_Git\OspDemo\win32_osp_client\Debug\rc.command.1.tlog
F:\Projects_Git\OspDemo\win32_osp_client\Debug\rc.read.1.tlog
F:\Projects_Git\OspDemo\win32_osp_client\Debug\rc.write.1.tlog
F:\PROJECTS_GIT\OSPDEMO\WIN32_OSP_CLIENT\DEBUG\SEMAPHORECLASS.OBJ
F:\PROJECTS_GIT\OSPDEMO\WIN32_OSP_CLIENT\DEBUG\STDAFX.OBJ
F:\Projects_Git\OspDemo\win32_osp_client\Debug\vc100.idb
F:\PROJECTS_GIT\OSPDEMO\WIN32_OSP_CLIENT\DEBUG\VC100.PDB
F:\PROJECTS_GIT\OSPDEMO\WIN32_OSP_CLIENT\DEBUG\WIN32_OSP_CLIENT.EXE.EMBED.MANIFEST
F:\PROJECTS_GIT\OSPDEMO\WIN32_OSP_CLIENT\DEBUG\WIN32_OSP_CLIENT.EXE.EMBED.MANIFEST.RES
F:\PROJECTS_GIT\OSPDEMO\WIN32_OSP_CLIENT\DEBUG\WIN32_OSP_CLIENT.EXE.INTERMEDIATE.MANIFEST
F:\PROJECTS_GIT\OSPDEMO\WIN32_OSP_CLIENT\DEBUG\WIN32_OSP_CLIENT.OBJ
F:\PROJECTS_GIT\OSPDEMO\WIN32_OSP_CLIENT\DEBUG\WIN32_OSP_CLIENT.PCH
F:\PROJECTS_GIT\OSPDEMO\WIN32_OSP_CLIENT\DEBUG\WIN32_OSP_CLIENT.RES
F:\Projects_Git\OspDemo\win32_osp_client\Debug\win32_osp_client.vcxprojResolveAssemblyReference.cache
F:\Projects_Git\OspDemo\win32_osp_client\Debug\win32_osp_client.write.1.tlog
F:\Projects_Git\OspDemo\win32_osp_client\Debug\win32_osp_client_manifest.rc
