Build started 2018/8/20 18:14:00.
     1>Project "F:\Projects\OspDemo\win32_osp_client\win32_osp_client.vcxproj" on node 2 (build target(s)).
     1>InitializeBuildStatus:
         Creating "Debug\win32_osp_client.unsuccessfulbuild" because "AlwaysCreate" was specified.
       ClCompile:
         All outputs are up-to-date.
         C:\Program Files (x86)\Microsoft Visual Studio 10.0\VC\bin\CL.exe /c /ZI /nologo /W3 /WX- /Od /Oy- /D WIN32 /D _DEBUG /D _WINDOWS /D _UNICODE /D UNICODE /Gm /EHsc /RTC1 /MDd /GS /fp:precise /Zc:wchar_t /Zc:forScope /Yu"StdAfx.h" /Fp"Debug\win32_osp_client.pch" /Fo"Debug\\" /Fd"Debug\vc100.pdb" /Gd /TP /analyze- /errorReport:prompt win32_osp_client.cpp
         win32_osp_client.cpp
       ResourceCompile:
         All outputs are up-to-date.
       ManifestResourceCompile:
         All outputs are up-to-date.
       Link:
         C:\Program Files (x86)\Microsoft Visual Studio 10.0\VC\bin\link.exe /ERRORREPORT:PROMPT /OUT:"F:\Projects\OspDemo\Debug\win32_osp_client.exe" /INCREMENTAL /NOLOGO kernel32.lib user32.lib gdi32.lib winspool.lib comdlg32.lib advapi32.lib shell32.lib ole32.lib oleaut32.lib uuid.lib odbc32.lib odbccp32.lib /MANIFEST /ManifestFile:"Debug\win32_osp_client.exe.intermediate.manifest" /MANIFESTUAC:"level='asInvoker' uiAccess='false'" /DEBUG /PDB:"F:\Projects\OspDemo\Debug\win32_osp_client.pdb" /SUBSYSTEM:WINDOWS /TLBID:1 /DYNAMICBASE /NXCOMPAT /IMPLIB:"F:\Projects\OspDemo\Debug\win32_osp_client.lib" /MACHINE:X86 Debug\win32_osp_client.res
         Debug\win32_osp_client.exe.embed.manifest.res
         Debug\stdafx.obj
         Debug\win32_osp_client.obj
            Creating library F:\Projects\OspDemo\Debug\win32_osp_client.lib and object F:\Projects\OspDemo\Debug\win32_osp_client.exp
     1>LINK : warning LNK4098: defaultlib 'LIBCMTD' conflicts with use of other libs; use /NODEFAULTLIB:library
     1>OspLib.lib(ospLog.obj) : warning LNK4099: PDB 'vc100.pdb' was not found with 'OspLib.lib(ospLog.obj)' or at 'F:\Projects\OspDemo\Debug\vc100.pdb'; linking object as if no debug info
     1>OspLib.lib(ospNodeMan.obj) : warning LNK4099: PDB 'vc100.pdb' was not found with 'OspLib.lib(ospNodeMan.obj)' or at 'F:\Projects\OspDemo\Debug\vc100.pdb'; linking object as if no debug info
     1>OspLib.lib(ospPost.obj) : warning LNK4099: PDB 'vc100.pdb' was not found with 'OspLib.lib(ospPost.obj)' or at 'F:\Projects\OspDemo\Debug\vc100.pdb'; linking object as if no debug info
     1>OspLib.lib(ospSch.obj) : warning LNK4099: PDB 'vc100.pdb' was not found with 'OspLib.lib(ospSch.obj)' or at 'F:\Projects\OspDemo\Debug\vc100.pdb'; linking object as if no debug info
     1>OspLib.lib(OspTeleServer.obj) : warning LNK4099: PDB 'vc100.pdb' was not found with 'OspLib.lib(OspTeleServer.obj)' or at 'F:\Projects\OspDemo\Debug\vc100.pdb'; linking object as if no debug info
     1>OspLib.lib(OspTestAgent.obj) : warning LNK4099: PDB 'vc100.pdb' was not found with 'OspLib.lib(OspTestAgent.obj)' or at 'F:\Projects\OspDemo\Debug\vc100.pdb'; linking object as if no debug info
     1>OspLib.lib(ospTimer.obj) : warning LNK4099: PDB 'vc100.pdb' was not found with 'OspLib.lib(ospTimer.obj)' or at 'F:\Projects\OspDemo\Debug\vc100.pdb'; linking object as if no debug info
     1>OspLib.lib(ospUtil.obj) : warning LNK4099: PDB 'vc100.pdb' was not found with 'OspLib.lib(ospUtil.obj)' or at 'F:\Projects\OspDemo\Debug\vc100.pdb'; linking object as if no debug info
     1>OspLib.lib(ospVos.obj) : warning LNK4099: PDB 'vc100.pdb' was not found with 'OspLib.lib(ospVos.obj)' or at 'F:\Projects\OspDemo\Debug\vc100.pdb'; linking object as if no debug info
       Manifest:
         C:\Program Files (x86)\Microsoft SDKs\Windows\v7.0A\bin\mt.exe /nologo /verbose /out:"Debug\win32_osp_client.exe.embed.manifest" /manifest Debug\win32_osp_client.exe.intermediate.manifest
         All outputs are up-to-date.
       LinkEmbedManifest:
         All outputs are up-to-date.
         win32_osp_client.vcxproj -> F:\Projects\OspDemo\Debug\win32_osp_client.exe
       FinalizeBuildStatus:
         Deleting file "Debug\win32_osp_client.unsuccessfulbuild".
         Touching "Debug\win32_osp_client.lastbuildstate".
     1>Done Building Project "F:\Projects\OspDemo\win32_osp_client\win32_osp_client.vcxproj" (build target(s)).

Build succeeded.

Time Elapsed 00:00:01.06
