C:\USERS\CSQUAN\DOCUMENTS\VISUAL STUDIO 2010\PROJECTS\10-COMMON\LIB\DEBUG\WIN32_2010\DUILIB_U.LIB
C:\Users\csquan\Documents\Visual Studio 2010\Projects\mfc_osp_server\duilib\..\..\10-common\lib\debug\win32_2010\DuiLib_u.lib
C:\USERS\CSQUAN\DOCUMENTS\VISUAL STUDIO 2010\PROJECTS\MFC_OSP_SERVER\DUILIB\UNICODE_DEBUG\CASEMANAGER.OBJ
C:\Users\csquan\Documents\Visual Studio 2010\Projects\mfc_osp_server\duilib\Unicode_Debug\cl.command.1.tlog
C:\Users\csquan\Documents\Visual Studio 2010\Projects\mfc_osp_server\duilib\Unicode_Debug\CL.read.1.tlog
C:\Users\csquan\Documents\Visual Studio 2010\Projects\mfc_osp_server\duilib\Unicode_Debug\CL.write.1.tlog
C:\USERS\CSQUAN\DOCUMENTS\VISUAL STUDIO 2010\PROJECTS\MFC_OSP_SERVER\DUILIB\UNICODE_DEBUG\DRAGCONTROLLER.OBJ
C:\USERS\CSQUAN\DOCUMENTS\VISUAL STUDIO 2010\PROJECTS\MFC_OSP_SERVER\DUILIB\UNICODE_DEBUG\DRAGDATAMGR.OBJ
C:\USERS\CSQUAN\DOCUMENTS\VISUAL STUDIO 2010\PROJECTS\MFC_OSP_SERVER\DUILIB\UNICODE_DEBUG\DRAGINTERFACE.OBJ
C:\USERS\CSQUAN\DOCUMENTS\VISUAL STUDIO 2010\PROJECTS\MFC_OSP_SERVER\DUILIB\UNICODE_DEBUG\DUIDRAG.OBJ
C:\USERS\CSQUAN\DOCUMENTS\VISUAL STUDIO 2010\PROJECTS\MFC_OSP_SERVER\DUILIB\UNICODE_DEBUG\DUILIB.PCH
C:\Users\csquan\Documents\Visual Studio 2010\Projects\mfc_osp_server\duilib\Unicode_Debug\DuiLib.write.1.tlog
C:\USERS\CSQUAN\DOCUMENTS\VISUAL STUDIO 2010\PROJECTS\MFC_OSP_SERVER\DUILIB\UNICODE_DEBUG\GIFIMAGE.OBJ
C:\Users\csquan\Documents\Visual Studio 2010\Projects\mfc_osp_server\duilib\Unicode_Debug\lib.command.1.tlog
C:\Users\csquan\Documents\Visual Studio 2010\Projects\mfc_osp_server\duilib\Unicode_Debug\Lib-link.read.1.tlog
C:\Users\csquan\Documents\Visual Studio 2010\Projects\mfc_osp_server\duilib\Unicode_Debug\Lib-link.write.1.tlog
C:\USERS\CSQUAN\DOCUMENTS\VISUAL STUDIO 2010\PROJECTS\MFC_OSP_SERVER\DUILIB\UNICODE_DEBUG\STB_IMAGE.OBJ
C:\USERS\CSQUAN\DOCUMENTS\VISUAL STUDIO 2010\PROJECTS\MFC_OSP_SERVER\DUILIB\UNICODE_DEBUG\STDAFX.OBJ
C:\USERS\CSQUAN\DOCUMENTS\VISUAL STUDIO 2010\PROJECTS\MFC_OSP_SERVER\DUILIB\UNICODE_DEBUG\UIACTIVEX.OBJ
C:\USERS\CSQUAN\DOCUMENTS\VISUAL STUDIO 2010\PROJECTS\MFC_OSP_SERVER\DUILIB\UNICODE_DEBUG\UIBASE.OBJ
C:\USERS\CSQUAN\DOCUMENTS\VISUAL STUDIO 2010\PROJECTS\MFC_OSP_SERVER\DUILIB\UNICODE_DEBUG\UIBUTTON.OBJ
C:\USERS\CSQUAN\DOCUMENTS\VISUAL STUDIO 2010\PROJECTS\MFC_OSP_SERVER\DUILIB\UNICODE_DEBUG\UICHECKBOX.OBJ
C:\USERS\CSQUAN\DOCUMENTS\VISUAL STUDIO 2010\PROJECTS\MFC_OSP_SERVER\DUILIB\UNICODE_DEBUG\UICHILDLAYOUT.OBJ
C:\USERS\CSQUAN\DOCUMENTS\VISUAL STUDIO 2010\PROJECTS\MFC_OSP_SERVER\DUILIB\UNICODE_DEBUG\UICOMBO.OBJ
C:\USERS\CSQUAN\DOCUMENTS\VISUAL STUDIO 2010\PROJECTS\MFC_OSP_SERVER\DUILIB\UNICODE_DEBUG\UICOMBOBOX.OBJ
C:\USERS\CSQUAN\DOCUMENTS\VISUAL STUDIO 2010\PROJECTS\MFC_OSP_SERVER\DUILIB\UNICODE_DEBUG\UICONTAINER.OBJ
C:\USERS\CSQUAN\DOCUMENTS\VISUAL STUDIO 2010\PROJECTS\MFC_OSP_SERVER\DUILIB\UNICODE_DEBUG\UICONTROL.OBJ
C:\USERS\CSQUAN\DOCUMENTS\VISUAL STUDIO 2010\PROJECTS\MFC_OSP_SERVER\DUILIB\UNICODE_DEBUG\UIDATETIME.OBJ
C:\USERS\CSQUAN\DOCUMENTS\VISUAL STUDIO 2010\PROJECTS\MFC_OSP_SERVER\DUILIB\UNICODE_DEBUG\UIDELEGATE.OBJ
C:\USERS\CSQUAN\DOCUMENTS\VISUAL STUDIO 2010\PROJECTS\MFC_OSP_SERVER\DUILIB\UNICODE_DEBUG\UIDLGBUILDER.OBJ
C:\USERS\CSQUAN\DOCUMENTS\VISUAL STUDIO 2010\PROJECTS\MFC_OSP_SERVER\DUILIB\UNICODE_DEBUG\UIDRAGWND.OBJ
C:\USERS\CSQUAN\DOCUMENTS\VISUAL STUDIO 2010\PROJECTS\MFC_OSP_SERVER\DUILIB\UNICODE_DEBUG\UIEDIT.OBJ
C:\USERS\CSQUAN\DOCUMENTS\VISUAL STUDIO 2010\PROJECTS\MFC_OSP_SERVER\DUILIB\UNICODE_DEBUG\UIGIF.OBJ
C:\USERS\CSQUAN\DOCUMENTS\VISUAL STUDIO 2010\PROJECTS\MFC_OSP_SERVER\DUILIB\UNICODE_DEBUG\UIHORIZONTALLAYOUT.OBJ
C:\USERS\CSQUAN\DOCUMENTS\VISUAL STUDIO 2010\PROJECTS\MFC_OSP_SERVER\DUILIB\UNICODE_DEBUG\UILABEL.OBJ
C:\USERS\CSQUAN\DOCUMENTS\VISUAL STUDIO 2010\PROJECTS\MFC_OSP_SERVER\DUILIB\UNICODE_DEBUG\UILETTERINDEX.OBJ
C:\USERS\CSQUAN\DOCUMENTS\VISUAL STUDIO 2010\PROJECTS\MFC_OSP_SERVER\DUILIB\UNICODE_DEBUG\UILIB.OBJ
C:\USERS\CSQUAN\DOCUMENTS\VISUAL STUDIO 2010\PROJECTS\MFC_OSP_SERVER\DUILIB\UNICODE_DEBUG\UILIST.OBJ
C:\USERS\CSQUAN\DOCUMENTS\VISUAL STUDIO 2010\PROJECTS\MFC_OSP_SERVER\DUILIB\UNICODE_DEBUG\UIMANAGER.OBJ
C:\USERS\CSQUAN\DOCUMENTS\VISUAL STUDIO 2010\PROJECTS\MFC_OSP_SERVER\DUILIB\UNICODE_DEBUG\UIMARKUP.OBJ
C:\USERS\CSQUAN\DOCUMENTS\VISUAL STUDIO 2010\PROJECTS\MFC_OSP_SERVER\DUILIB\UNICODE_DEBUG\UIOPTION.OBJ
C:\USERS\CSQUAN\DOCUMENTS\VISUAL STUDIO 2010\PROJECTS\MFC_OSP_SERVER\DUILIB\UNICODE_DEBUG\UIPROGRESS.OBJ
C:\USERS\CSQUAN\DOCUMENTS\VISUAL STUDIO 2010\PROJECTS\MFC_OSP_SERVER\DUILIB\UNICODE_DEBUG\UIRENDER.OBJ
C:\USERS\CSQUAN\DOCUMENTS\VISUAL STUDIO 2010\PROJECTS\MFC_OSP_SERVER\DUILIB\UNICODE_DEBUG\UIRICHEDIT.OBJ
C:\USERS\CSQUAN\DOCUMENTS\VISUAL STUDIO 2010\PROJECTS\MFC_OSP_SERVER\DUILIB\UNICODE_DEBUG\UISCROLLBAR.OBJ
C:\USERS\CSQUAN\DOCUMENTS\VISUAL STUDIO 2010\PROJECTS\MFC_OSP_SERVER\DUILIB\UNICODE_DEBUG\UISLIDER.OBJ
C:\USERS\CSQUAN\DOCUMENTS\VISUAL STUDIO 2010\PROJECTS\MFC_OSP_SERVER\DUILIB\UNICODE_DEBUG\UISLIDETABLAYOUT.OBJ
C:\USERS\CSQUAN\DOCUMENTS\VISUAL STUDIO 2010\PROJECTS\MFC_OSP_SERVER\DUILIB\UNICODE_DEBUG\UITABLAYOUT.OBJ
C:\USERS\CSQUAN\DOCUMENTS\VISUAL STUDIO 2010\PROJECTS\MFC_OSP_SERVER\DUILIB\UNICODE_DEBUG\UITEXT.OBJ
C:\USERS\CSQUAN\DOCUMENTS\VISUAL STUDIO 2010\PROJECTS\MFC_OSP_SERVER\DUILIB\UNICODE_DEBUG\UITILELAYOUT.OBJ
C:\USERS\CSQUAN\DOCUMENTS\VISUAL STUDIO 2010\PROJECTS\MFC_OSP_SERVER\DUILIB\UNICODE_DEBUG\UITOUCHLIST.OBJ
C:\USERS\CSQUAN\DOCUMENTS\VISUAL STUDIO 2010\PROJECTS\MFC_OSP_SERVER\DUILIB\UNICODE_DEBUG\UITREEVIEW.OBJ
C:\USERS\CSQUAN\DOCUMENTS\VISUAL STUDIO 2010\PROJECTS\MFC_OSP_SERVER\DUILIB\UNICODE_DEBUG\UIVERTICALLAYOUT.OBJ
C:\USERS\CSQUAN\DOCUMENTS\VISUAL STUDIO 2010\PROJECTS\MFC_OSP_SERVER\DUILIB\UNICODE_DEBUG\UIWEBBROWSER.OBJ
C:\USERS\CSQUAN\DOCUMENTS\VISUAL STUDIO 2010\PROJECTS\MFC_OSP_SERVER\DUILIB\UNICODE_DEBUG\UTILS.OBJ
C:\Users\csquan\Documents\Visual Studio 2010\Projects\mfc_osp_server\duilib\Unicode_Debug\vc100.idb
C:\USERS\CSQUAN\DOCUMENTS\VISUAL STUDIO 2010\PROJECTS\MFC_OSP_SERVER\DUILIB\UNICODE_DEBUG\VC100.PDB
C:\USERS\CSQUAN\DOCUMENTS\VISUAL STUDIO 2010\PROJECTS\MFC_OSP_SERVER\DUILIB\UNICODE_DEBUG\WINIMPLBASE.OBJ
C:\USERS\CSQUAN\DOCUMENTS\VISUAL STUDIO 2010\PROJECTS\MFC_OSP_SERVER\DUILIB\UNICODE_DEBUG\XUNZIP.OBJ
