E:\SVN_ROOT\20131028_TPS\PROFESSIONAL_VOB\10-COMMON\LIB\RELEASE\WIN32_2010\DUILIB_U.LIB
E:\svn_root\20131028_TPS\Professional_VOB\t5-neith\duilib\..\..\10-common\lib\release\win32_2010\DuiLib_u.lib
E:\SVN_ROOT\20131028_TPS\PROFESSIONAL_VOB\T5-NEITH\DUILIB\UNICODE_RELEASE\CASEMANAGER.OBJ
E:\svn_root\20131028_TPS\Professional_VOB\t5-neith\duilib\Unicode_Release\cl.command.1.tlog
E:\svn_root\20131028_TPS\Professional_VOB\t5-neith\duilib\Unicode_Release\CL.read.1.tlog
E:\svn_root\20131028_TPS\Professional_VOB\t5-neith\duilib\Unicode_Release\CL.write.1.tlog
E:\SVN_ROOT\20131028_TPS\PROFESSIONAL_VOB\T5-NEITH\DUILIB\UNICODE_RELEASE\DRAGCONTROLLER.OBJ
E:\SVN_ROOT\20131028_TPS\PROFESSIONAL_VOB\T5-NEITH\DUILIB\UNICODE_RELEASE\DRAGDATAMGR.OBJ
E:\SVN_ROOT\20131028_TPS\PROFESSIONAL_VOB\T5-NEITH\DUILIB\UNICODE_RELEASE\DRAGINTERFACE.OBJ
E:\SVN_ROOT\20131028_TPS\PROFESSIONAL_VOB\T5-NEITH\DUILIB\UNICODE_RELEASE\DUIDRAG.OBJ
E:\SVN_ROOT\20131028_TPS\PROFESSIONAL_VOB\T5-NEITH\DUILIB\UNICODE_RELEASE\DUILIB.PCH
E:\svn_root\20131028_TPS\Professional_VOB\t5-neith\duilib\Unicode_Release\DuiLib.vcxprojResolveAssemblyReference.cache
E:\svn_root\20131028_TPS\Professional_VOB\t5-neith\duilib\Unicode_Release\DuiLib.write.1.tlog
E:\SVN_ROOT\20131028_TPS\PROFESSIONAL_VOB\T5-NEITH\DUILIB\UNICODE_RELEASE\GIFIMAGE.OBJ
E:\svn_root\20131028_TPS\Professional_VOB\t5-neith\duilib\Unicode_Release\lib.command.1.tlog
E:\svn_root\20131028_TPS\Professional_VOB\t5-neith\duilib\Unicode_Release\Lib-link.read.1.tlog
E:\svn_root\20131028_TPS\Professional_VOB\t5-neith\duilib\Unicode_Release\Lib-link.write.1.tlog
E:\SVN_ROOT\20131028_TPS\PROFESSIONAL_VOB\T5-NEITH\DUILIB\UNICODE_RELEASE\STB_IMAGE.OBJ
E:\SVN_ROOT\20131028_TPS\PROFESSIONAL_VOB\T5-NEITH\DUILIB\UNICODE_RELEASE\STDAFX.OBJ
E:\SVN_ROOT\20131028_TPS\PROFESSIONAL_VOB\T5-NEITH\DUILIB\UNICODE_RELEASE\UIACTIVEX.OBJ
E:\SVN_ROOT\20131028_TPS\PROFESSIONAL_VOB\T5-NEITH\DUILIB\UNICODE_RELEASE\UIBASE.OBJ
E:\SVN_ROOT\20131028_TPS\PROFESSIONAL_VOB\T5-NEITH\DUILIB\UNICODE_RELEASE\UIBUTTON.OBJ
E:\SVN_ROOT\20131028_TPS\PROFESSIONAL_VOB\T5-NEITH\DUILIB\UNICODE_RELEASE\UICHECKBOX.OBJ
E:\SVN_ROOT\20131028_TPS\PROFESSIONAL_VOB\T5-NEITH\DUILIB\UNICODE_RELEASE\UICHILDLAYOUT.OBJ
E:\SVN_ROOT\20131028_TPS\PROFESSIONAL_VOB\T5-NEITH\DUILIB\UNICODE_RELEASE\UICOMBO.OBJ
E:\SVN_ROOT\20131028_TPS\PROFESSIONAL_VOB\T5-NEITH\DUILIB\UNICODE_RELEASE\UICOMBOBOX.OBJ
E:\SVN_ROOT\20131028_TPS\PROFESSIONAL_VOB\T5-NEITH\DUILIB\UNICODE_RELEASE\UICONTAINER.OBJ
E:\SVN_ROOT\20131028_TPS\PROFESSIONAL_VOB\T5-NEITH\DUILIB\UNICODE_RELEASE\UICONTROL.OBJ
E:\SVN_ROOT\20131028_TPS\PROFESSIONAL_VOB\T5-NEITH\DUILIB\UNICODE_RELEASE\UIDATETIME.OBJ
E:\SVN_ROOT\20131028_TPS\PROFESSIONAL_VOB\T5-NEITH\DUILIB\UNICODE_RELEASE\UIDELEGATE.OBJ
E:\SVN_ROOT\20131028_TPS\PROFESSIONAL_VOB\T5-NEITH\DUILIB\UNICODE_RELEASE\UIDLGBUILDER.OBJ
E:\SVN_ROOT\20131028_TPS\PROFESSIONAL_VOB\T5-NEITH\DUILIB\UNICODE_RELEASE\UIDRAGWND.OBJ
E:\SVN_ROOT\20131028_TPS\PROFESSIONAL_VOB\T5-NEITH\DUILIB\UNICODE_RELEASE\UIEDIT.OBJ
E:\SVN_ROOT\20131028_TPS\PROFESSIONAL_VOB\T5-NEITH\DUILIB\UNICODE_RELEASE\UIGIF.OBJ
E:\SVN_ROOT\20131028_TPS\PROFESSIONAL_VOB\T5-NEITH\DUILIB\UNICODE_RELEASE\UIHORIZONTALLAYOUT.OBJ
E:\SVN_ROOT\20131028_TPS\PROFESSIONAL_VOB\T5-NEITH\DUILIB\UNICODE_RELEASE\UILABEL.OBJ
E:\SVN_ROOT\20131028_TPS\PROFESSIONAL_VOB\T5-NEITH\DUILIB\UNICODE_RELEASE\UILETTERINDEX.OBJ
E:\SVN_ROOT\20131028_TPS\PROFESSIONAL_VOB\T5-NEITH\DUILIB\UNICODE_RELEASE\UILIB.OBJ
E:\SVN_ROOT\20131028_TPS\PROFESSIONAL_VOB\T5-NEITH\DUILIB\UNICODE_RELEASE\UILIST.OBJ
E:\SVN_ROOT\20131028_TPS\PROFESSIONAL_VOB\T5-NEITH\DUILIB\UNICODE_RELEASE\UIMANAGER.OBJ
E:\SVN_ROOT\20131028_TPS\PROFESSIONAL_VOB\T5-NEITH\DUILIB\UNICODE_RELEASE\UIMARKUP.OBJ
E:\SVN_ROOT\20131028_TPS\PROFESSIONAL_VOB\T5-NEITH\DUILIB\UNICODE_RELEASE\UIOPTION.OBJ
E:\SVN_ROOT\20131028_TPS\PROFESSIONAL_VOB\T5-NEITH\DUILIB\UNICODE_RELEASE\UIPROGRESS.OBJ
E:\SVN_ROOT\20131028_TPS\PROFESSIONAL_VOB\T5-NEITH\DUILIB\UNICODE_RELEASE\UIRENDER.OBJ
E:\SVN_ROOT\20131028_TPS\PROFESSIONAL_VOB\T5-NEITH\DUILIB\UNICODE_RELEASE\UIRICHEDIT.OBJ
E:\SVN_ROOT\20131028_TPS\PROFESSIONAL_VOB\T5-NEITH\DUILIB\UNICODE_RELEASE\UISCROLLBAR.OBJ
E:\SVN_ROOT\20131028_TPS\PROFESSIONAL_VOB\T5-NEITH\DUILIB\UNICODE_RELEASE\UISLIDER.OBJ
E:\SVN_ROOT\20131028_TPS\PROFESSIONAL_VOB\T5-NEITH\DUILIB\UNICODE_RELEASE\UISLIDETABLAYOUT.OBJ
E:\SVN_ROOT\20131028_TPS\PROFESSIONAL_VOB\T5-NEITH\DUILIB\UNICODE_RELEASE\UITABLAYOUT.OBJ
E:\SVN_ROOT\20131028_TPS\PROFESSIONAL_VOB\T5-NEITH\DUILIB\UNICODE_RELEASE\UITEXT.OBJ
E:\SVN_ROOT\20131028_TPS\PROFESSIONAL_VOB\T5-NEITH\DUILIB\UNICODE_RELEASE\UITILELAYOUT.OBJ
E:\SVN_ROOT\20131028_TPS\PROFESSIONAL_VOB\T5-NEITH\DUILIB\UNICODE_RELEASE\UITOUCHLIST.OBJ
E:\SVN_ROOT\20131028_TPS\PROFESSIONAL_VOB\T5-NEITH\DUILIB\UNICODE_RELEASE\UITREEVIEW.OBJ
E:\SVN_ROOT\20131028_TPS\PROFESSIONAL_VOB\T5-NEITH\DUILIB\UNICODE_RELEASE\UIVERTICALLAYOUT.OBJ
E:\SVN_ROOT\20131028_TPS\PROFESSIONAL_VOB\T5-NEITH\DUILIB\UNICODE_RELEASE\UIWEBBROWSER.OBJ
E:\SVN_ROOT\20131028_TPS\PROFESSIONAL_VOB\T5-NEITH\DUILIB\UNICODE_RELEASE\UTILS.OBJ
E:\SVN_ROOT\20131028_TPS\PROFESSIONAL_VOB\T5-NEITH\DUILIB\UNICODE_RELEASE\VC100.PDB
E:\SVN_ROOT\20131028_TPS\PROFESSIONAL_VOB\T5-NEITH\DUILIB\UNICODE_RELEASE\WINIMPLBASE.OBJ
E:\SVN_ROOT\20131028_TPS\PROFESSIONAL_VOB\T5-NEITH\DUILIB\UNICODE_RELEASE\XUNZIP.OBJ
