C:\USERS\CSQUAN\DOCUMENTS\VISUAL STUDIO 2010\PROJECTS\MFC_OSP_SERVER\DEBUG\MFC_OSP_CLIENT.EXE
C:\Users\csquan\Documents\Visual Studio 2010\Projects\mfc_osp_server\Debug\mfc_osp_client.exp
C:\USERS\CSQUAN\DOCUMENTS\VISUAL STUDIO 2010\PROJECTS\MFC_OSP_SERVER\DEBUG\MFC_OSP_CLIENT.ILK
C:\Users\csquan\Documents\Visual Studio 2010\Projects\mfc_osp_server\Debug\mfc_osp_client.lib
C:\USERS\CSQUAN\DOCUMENTS\VISUAL STUDIO 2010\PROJECTS\MFC_OSP_SERVER\DEBUG\MFC_OSP_CLIENT.PDB
C:\Users\csquan\Documents\Visual Studio 2010\Projects\mfc_osp_server\mfc_osp_client\Debug\cl.command.1.tlog
C:\Users\csquan\Documents\Visual Studio 2010\Projects\mfc_osp_server\mfc_osp_client\Debug\CL.read.1.tlog
C:\Users\csquan\Documents\Visual Studio 2010\Projects\mfc_osp_server\mfc_osp_client\Debug\CL.write.1.tlog
C:\Users\csquan\Documents\Visual Studio 2010\Projects\mfc_osp_server\mfc_osp_client\Debug\link.15540.read.1.tlog
C:\Users\csquan\Documents\Visual Studio 2010\Projects\mfc_osp_server\mfc_osp_client\Debug\link.15540.write.1.tlog
C:\Users\csquan\Documents\Visual Studio 2010\Projects\mfc_osp_server\mfc_osp_client\Debug\link.15540-cvtres.read.1.tlog
C:\Users\csquan\Documents\Visual Studio 2010\Projects\mfc_osp_server\mfc_osp_client\Debug\link.15540-cvtres.write.1.tlog
C:\Users\csquan\Documents\Visual Studio 2010\Projects\mfc_osp_server\mfc_osp_client\Debug\link.command.1.tlog
C:\Users\csquan\Documents\Visual Studio 2010\Projects\mfc_osp_server\mfc_osp_client\Debug\link.read.1.tlog
C:\Users\csquan\Documents\Visual Studio 2010\Projects\mfc_osp_server\mfc_osp_client\Debug\link.write.1.tlog
C:\Users\csquan\Documents\Visual Studio 2010\Projects\mfc_osp_server\mfc_osp_client\Debug\link-cvtres.read.1.tlog
C:\Users\csquan\Documents\Visual Studio 2010\Projects\mfc_osp_server\mfc_osp_client\Debug\link-cvtres.write.1.tlog
C:\USERS\CSQUAN\DOCUMENTS\VISUAL STUDIO 2010\PROJECTS\MFC_OSP_SERVER\MFC_OSP_CLIENT\DEBUG\MFC_OSP_CLIENT.EXE.EMBED.MANIFEST
C:\USERS\CSQUAN\DOCUMENTS\VISUAL STUDIO 2010\PROJECTS\MFC_OSP_SERVER\MFC_OSP_CLIENT\DEBUG\MFC_OSP_CLIENT.EXE.EMBED.MANIFEST.RES
C:\USERS\CSQUAN\DOCUMENTS\VISUAL STUDIO 2010\PROJECTS\MFC_OSP_SERVER\MFC_OSP_CLIENT\DEBUG\MFC_OSP_CLIENT.EXE.INTERMEDIATE.MANIFEST
C:\USERS\CSQUAN\DOCUMENTS\VISUAL STUDIO 2010\PROJECTS\MFC_OSP_SERVER\MFC_OSP_CLIENT\DEBUG\MFC_OSP_CLIENT.OBJ
C:\USERS\CSQUAN\DOCUMENTS\VISUAL STUDIO 2010\PROJECTS\MFC_OSP_SERVER\MFC_OSP_CLIENT\DEBUG\MFC_OSP_CLIENT.PCH
C:\USERS\CSQUAN\DOCUMENTS\VISUAL STUDIO 2010\PROJECTS\MFC_OSP_SERVER\MFC_OSP_CLIENT\DEBUG\MFC_OSP_CLIENT.RES
C:\Users\csquan\Documents\Visual Studio 2010\Projects\mfc_osp_server\mfc_osp_client\Debug\mfc_osp_client.vcxprojResolveAssemblyReference.cache
C:\Users\csquan\Documents\Visual Studio 2010\Projects\mfc_osp_server\mfc_osp_client\Debug\mfc_osp_client.write.1.tlog
C:\Users\csquan\Documents\Visual Studio 2010\Projects\mfc_osp_server\mfc_osp_client\Debug\mfc_osp_client_manifest.rc
C:\USERS\CSQUAN\DOCUMENTS\VISUAL STUDIO 2010\PROJECTS\MFC_OSP_SERVER\MFC_OSP_CLIENT\DEBUG\MFC_OSP_CLIENTDLG.OBJ
C:\Users\csquan\Documents\Visual Studio 2010\Projects\mfc_osp_server\mfc_osp_client\Debug\mt.command.1.tlog
C:\Users\csquan\Documents\Visual Studio 2010\Projects\mfc_osp_server\mfc_osp_client\Debug\mt.read.1.tlog
C:\Users\csquan\Documents\Visual Studio 2010\Projects\mfc_osp_server\mfc_osp_client\Debug\mt.write.1.tlog
C:\Users\csquan\Documents\Visual Studio 2010\Projects\mfc_osp_server\mfc_osp_client\Debug\rc.command.1.tlog
C:\Users\csquan\Documents\Visual Studio 2010\Projects\mfc_osp_server\mfc_osp_client\Debug\rc.read.1.tlog
C:\Users\csquan\Documents\Visual Studio 2010\Projects\mfc_osp_server\mfc_osp_client\Debug\rc.write.1.tlog
C:\USERS\CSQUAN\DOCUMENTS\VISUAL STUDIO 2010\PROJECTS\MFC_OSP_SERVER\MFC_OSP_CLIENT\DEBUG\STDAFX.OBJ
C:\Users\csquan\Documents\Visual Studio 2010\Projects\mfc_osp_server\mfc_osp_client\Debug\vc100.idb
C:\USERS\CSQUAN\DOCUMENTS\VISUAL STUDIO 2010\PROJECTS\MFC_OSP_SERVER\MFC_OSP_CLIENT\DEBUG\VC100.PDB
