C:\Users\csquan\Documents\Visual Studio 2010\Projects\mfc_osp_server\Debug\DuiStudy.exp
C:\Users\csquan\Documents\Visual Studio 2010\Projects\mfc_osp_server\Debug\DuiStudy.lib
C:\Users\csquan\Documents\Visual Studio 2010\Projects\mfc_osp_server\Debug\DuiStudy.pdb
C:\Users\csquan\Documents\Visual Studio 2010\Projects\mfc_osp_server\DuiStudy\Debug\cl.command.1.tlog
C:\Users\csquan\Documents\Visual Studio 2010\Projects\mfc_osp_server\DuiStudy\Debug\CL.read.1.tlog
C:\Users\csquan\Documents\Visual Studio 2010\Projects\mfc_osp_server\DuiStudy\Debug\CL.write.1.tlog
C:\USERS\CSQUAN\DOCUMENTS\VISUAL STUDIO 2010\PROJECTS\MFC_OSP_SERVER\DUISTUDY\DEBUG\DUISTUDY.EXE.EMBED.MANIFEST
C:\USERS\CSQUAN\DOCUMENTS\VISUAL STUDIO 2010\PROJECTS\MFC_OSP_SERVER\DUISTUDY\DEBUG\DUISTUDY.EXE.EMBED.MANIFEST.RES
C:\Users\csquan\Documents\Visual Studio 2010\Projects\mfc_osp_server\DuiStudy\Debug\DuiStudy.exe.intermediate.manifest
C:\USERS\CSQUAN\DOCUMENTS\VISUAL STUDIO 2010\PROJECTS\MFC_OSP_SERVER\DUISTUDY\DEBUG\DUISTUDY.OBJ
C:\USERS\CSQUAN\DOCUMENTS\VISUAL STUDIO 2010\PROJECTS\MFC_OSP_SERVER\DUISTUDY\DEBUG\DUISTUDY.PCH
C:\USERS\CSQUAN\DOCUMENTS\VISUAL STUDIO 2010\PROJECTS\MFC_OSP_SERVER\DUISTUDY\DEBUG\DUISTUDY.RES
C:\Users\csquan\Documents\Visual Studio 2010\Projects\mfc_osp_server\DuiStudy\Debug\DuiStudy.vcxprojResolveAssemblyReference.cache
C:\Users\csquan\Documents\Visual Studio 2010\Projects\mfc_osp_server\DuiStudy\Debug\DuiStudy.write.1.tlog
C:\Users\csquan\Documents\Visual Studio 2010\Projects\mfc_osp_server\DuiStudy\Debug\DuiStudy_manifest.rc
C:\Users\csquan\Documents\Visual Studio 2010\Projects\mfc_osp_server\DuiStudy\Debug\link.10660.read.1.tlog
C:\Users\csquan\Documents\Visual Studio 2010\Projects\mfc_osp_server\DuiStudy\Debug\link.10660.write.1.tlog
C:\Users\csquan\Documents\Visual Studio 2010\Projects\mfc_osp_server\DuiStudy\Debug\link.10660-cvtres.read.1.tlog
C:\Users\csquan\Documents\Visual Studio 2010\Projects\mfc_osp_server\DuiStudy\Debug\link.10660-cvtres.write.1.tlog
C:\Users\csquan\Documents\Visual Studio 2010\Projects\mfc_osp_server\DuiStudy\Debug\link.12952.read.1.tlog
C:\Users\csquan\Documents\Visual Studio 2010\Projects\mfc_osp_server\DuiStudy\Debug\link.12952.write.1.tlog
C:\Users\csquan\Documents\Visual Studio 2010\Projects\mfc_osp_server\DuiStudy\Debug\link.12952-cvtres.read.1.tlog
C:\Users\csquan\Documents\Visual Studio 2010\Projects\mfc_osp_server\DuiStudy\Debug\link.12952-cvtres.write.1.tlog
C:\Users\csquan\Documents\Visual Studio 2010\Projects\mfc_osp_server\DuiStudy\Debug\link.16144.read.1.tlog
C:\Users\csquan\Documents\Visual Studio 2010\Projects\mfc_osp_server\DuiStudy\Debug\link.16144.write.1.tlog
C:\Users\csquan\Documents\Visual Studio 2010\Projects\mfc_osp_server\DuiStudy\Debug\link.16144-cvtres.read.1.tlog
C:\Users\csquan\Documents\Visual Studio 2010\Projects\mfc_osp_server\DuiStudy\Debug\link.16144-cvtres.write.1.tlog
C:\Users\csquan\Documents\Visual Studio 2010\Projects\mfc_osp_server\DuiStudy\Debug\link.17228.read.1.tlog
C:\Users\csquan\Documents\Visual Studio 2010\Projects\mfc_osp_server\DuiStudy\Debug\link.17228.write.1.tlog
C:\Users\csquan\Documents\Visual Studio 2010\Projects\mfc_osp_server\DuiStudy\Debug\link.17228-cvtres.read.1.tlog
C:\Users\csquan\Documents\Visual Studio 2010\Projects\mfc_osp_server\DuiStudy\Debug\link.17228-cvtres.write.1.tlog
C:\Users\csquan\Documents\Visual Studio 2010\Projects\mfc_osp_server\DuiStudy\Debug\link.19296.read.1.tlog
C:\Users\csquan\Documents\Visual Studio 2010\Projects\mfc_osp_server\DuiStudy\Debug\link.19296.write.1.tlog
C:\Users\csquan\Documents\Visual Studio 2010\Projects\mfc_osp_server\DuiStudy\Debug\link.19296-cvtres.read.1.tlog
C:\Users\csquan\Documents\Visual Studio 2010\Projects\mfc_osp_server\DuiStudy\Debug\link.19296-cvtres.write.1.tlog
C:\Users\csquan\Documents\Visual Studio 2010\Projects\mfc_osp_server\DuiStudy\Debug\link.7708.read.1.tlog
C:\Users\csquan\Documents\Visual Studio 2010\Projects\mfc_osp_server\DuiStudy\Debug\link.7708.write.1.tlog
C:\Users\csquan\Documents\Visual Studio 2010\Projects\mfc_osp_server\DuiStudy\Debug\link.7708-cvtres.read.1.tlog
C:\Users\csquan\Documents\Visual Studio 2010\Projects\mfc_osp_server\DuiStudy\Debug\link.7708-cvtres.write.1.tlog
C:\Users\csquan\Documents\Visual Studio 2010\Projects\mfc_osp_server\DuiStudy\Debug\link.8480.read.1.tlog
C:\Users\csquan\Documents\Visual Studio 2010\Projects\mfc_osp_server\DuiStudy\Debug\link.8480.write.1.tlog
C:\Users\csquan\Documents\Visual Studio 2010\Projects\mfc_osp_server\DuiStudy\Debug\link.8480-cvtres.read.1.tlog
C:\Users\csquan\Documents\Visual Studio 2010\Projects\mfc_osp_server\DuiStudy\Debug\link.8480-cvtres.write.1.tlog
C:\Users\csquan\Documents\Visual Studio 2010\Projects\mfc_osp_server\DuiStudy\Debug\link.command.1.tlog
C:\Users\csquan\Documents\Visual Studio 2010\Projects\mfc_osp_server\DuiStudy\Debug\link.read.1.tlog
C:\Users\csquan\Documents\Visual Studio 2010\Projects\mfc_osp_server\DuiStudy\Debug\link.write.1.tlog
C:\Users\csquan\Documents\Visual Studio 2010\Projects\mfc_osp_server\DuiStudy\Debug\link-cvtres.read.1.tlog
C:\Users\csquan\Documents\Visual Studio 2010\Projects\mfc_osp_server\DuiStudy\Debug\link-cvtres.write.1.tlog
C:\Users\csquan\Documents\Visual Studio 2010\Projects\mfc_osp_server\DuiStudy\Debug\mt.command.1.tlog
C:\Users\csquan\Documents\Visual Studio 2010\Projects\mfc_osp_server\DuiStudy\Debug\mt.read.1.tlog
C:\Users\csquan\Documents\Visual Studio 2010\Projects\mfc_osp_server\DuiStudy\Debug\mt.write.1.tlog
C:\Users\csquan\Documents\Visual Studio 2010\Projects\mfc_osp_server\DuiStudy\Debug\rc.command.1.tlog
C:\Users\csquan\Documents\Visual Studio 2010\Projects\mfc_osp_server\DuiStudy\Debug\rc.read.1.tlog
C:\Users\csquan\Documents\Visual Studio 2010\Projects\mfc_osp_server\DuiStudy\Debug\rc.write.1.tlog
C:\USERS\CSQUAN\DOCUMENTS\VISUAL STUDIO 2010\PROJECTS\MFC_OSP_SERVER\DUISTUDY\DEBUG\STDAFX.OBJ
C:\Users\csquan\Documents\Visual Studio 2010\Projects\mfc_osp_server\DuiStudy\Debug\vc100.idb
C:\USERS\CSQUAN\DOCUMENTS\VISUAL STUDIO 2010\PROJECTS\MFC_OSP_SERVER\DUISTUDY\DEBUG\VC100.PDB
